🚀 ================================
🎉 MTSL 실시간 채팅 서버 시작!
👥 실제 사용자끼리만 매칭하는 서비스
📡 포트: 3001
⏰ 시작 시간: 2025. 8. 5. 오전 11:31:09
💝 완전 무료 실시간 채팅 서비스
🚀 ================================
✅ 사용자 연결: UhmOfo*** (2025. 8. 5. 오전 11:32:54)
✅ 사용자 연결: v0Vtoz*** (2025. 8. 5. 오전 11:32:54)
⏳ 대기열 추가: 테스*** (총 대기자: 1명)
💕 실제 사용자 매칭 성공: 테스*** ↔ 테스*** (룸: room_17543...)
❌ 사용자 연결 해제: UhmOfo***
❌ 사용자 연결 해제: v0Vtoz***
✅ 사용자 연결: BRwx9x*** (2025. 8. 5. 오전 11:34:15)
✅ 사용자 연결: cz-fx5*** (2025. 8. 5. 오전 11:34:15)
⏳ 대기열 추가: 테스*** (총 대기자: 1명)
💕 실제 사용자 매칭 성공: 테스*** ↔ 테스*** (룸: room_17543...)
❌ 사용자 연결 해제: BRwx9x***
❌ 사용자 연결 해제: cz-fx5***
✅ 사용자 연결: YCw6W2*** (2025. 8. 5. 오전 11:37:22)
⏳ 대기열 추가: 정광*** (총 대기자: 1명)
✅ 사용자 연결: I4Qs_q*** (2025. 8. 5. 오전 11:37:38)
💕 실제 사용자 매칭 성공: 에리*** ↔ 정광*** (룸: room_17543...)
❌ 사용자 연결 해제: I4Qs_q***
✅ 사용자 연결: 7t537o*** (2025. 8. 5. 오전 11:38:37)
💕 실제 사용자 매칭 성공: 민남*** ↔ 정광*** (룸: room_17543...)
⏳ 대기열 추가: 민남*** (총 대기자: 1명)
❌ 사용자 연결 해제: YCw6W2***
✅ 사용자 연결: CIgnof*** (2025. 8. 5. 오전 11:39:30)
💕 실제 사용자 매칭 성공: 차은*** ↔ 민남*** (룸: room_17543...)
✅ 사용자 연결: mXEnny*** (2025. 8. 5. 오전 11:39:52)
⏳ 대기열 추가: 민남*** (총 대기자: 1명)
💕 실제 사용자 매칭 성공: 차은*** ↔ 민남*** (룸: room_17543...)
❌ 사용자 연결 해제: CIgnof***
✅ 사용자 연결: 474ZrR*** (2025. 8. 5. 오전 11:40:25)
💕 실제 사용자 매칭 성공: 민남*** ↔ 민남*** (룸: room_17543...)
⏳ 대기열 추가: 민남*** (총 대기자: 1명)
✅ 사용자 연결: YPrBiV*** (2025. 8. 5. 오전 11:40:37)
💕 실제 사용자 매칭 성공: 민남*** ↔ 민남*** (룸: room_17543...)
❌ 사용자 연결 해제: 474ZrR***
❌ 사용자 연결 해제: YPrBiV***
❌ 사용자 연결 해제: mXEnny***
❌ 사용자 연결 해제: 7t537o***
✅ 사용자 연결: iixbVS*** (2025. 8. 5. 오전 11:40:50)
⏳ 대기열 추가: 박기*** (총 대기자: 1명)
✅ 사용자 연결: i4CTHq*** (2025. 8. 5. 오전 11:41:19)
💕 실제 사용자 매칭 성공: 돌하*** ↔ 박기*** (룸: room_17543...)
❌ 사용자 연결 해제: iixbVS***
❌ 사용자 연결 해제: i4CTHq***
✅ 사용자 연결: nFaAjx*** (2025. 8. 5. 오전 11:42:45)
⏳ 대기열 추가: 박영*** (총 대기자: 1명)
❌ 사용자 연결 해제: nFaAjx***
✅ 사용자 연결: tG6ZM0*** (2025. 8. 5. 오전 11:45:49)
⏳ 대기열 추가: 로베*** (총 대기자: 1명)
✅ 사용자 연결: qOulTW*** (2025. 8. 5. 오전 11:48:13)
💕 실제 사용자 매칭 성공: *** ↔ 로베*** (룸: room_17543...)
⏳ 대기열 추가: *** (총 대기자: 1명)
✅ 사용자 연결: mUTD5j*** (2025. 8. 5. 오전 11:49:22)
💕 실제 사용자 매칭 성공: 유재*** ↔ *** (룸: room_17543...)
⏳ 대기열 추가: 유재*** (총 대기자: 1명)
✅ 사용자 연결: 8O0YO9*** (2025. 8. 5. 오전 11:49:49)
💕 실제 사용자 매칭 성공: 치킨*** ↔ 유재*** (룸: room_17543...)
⏳ 대기열 추가: 치킨*** (총 대기자: 1명)
❌ 사용자 연결 해제: tG6ZM0***
❌ 사용자 연결 해제: 8O0YO9***
❌ 사용자 연결 해제: qOulTW***
❌ 사용자 연결 해제: mUTD5j***
✅ 사용자 연결: F1_NU5*** (2025. 8. 5. 오전 11:53:06)
✅ 사용자 연결: B1Irms*** (2025. 8. 5. 오전 11:53:06)
✅ 사용자 연결: LkCwzD*** (2025. 8. 5. 오전 11:53:06)
⏳ 대기열 추가: 유재*** (총 대기자: 1명)
💕 실제 사용자 매칭 성공: 로베*** ↔ 유재*** (룸: room_17543...)
⏳ 대기열 추가: 유재*** (총 대기자: 1명)
❌ 사용자 연결 해제: B1Irms***
❌ 사용자 연결 해제: F1_NU5***
❌ 사용자 연결 해제: LkCwzD***
✅ 사용자 연결: ef2Qja*** (2025. 8. 5. 오전 11:55:14)
⏳ 대기열 추가: 민경*** (총 대기자: 1명)
✅ 사용자 연결: C-krm5*** (2025. 8. 5. 오전 11:55:34)
💕 실제 사용자 매칭 성공: *** ↔ 민경*** (룸: room_17543...)
❌ 사용자 연결 해제: C-krm5***
❌ 사용자 연결 해제: ef2Qja***
✅ 사용자 연결: 57vcDW*** (2025. 8. 5. 오후 12:31:39)
⏳ 대기열 추가: *** (총 대기자: 1명)
❌ 사용자 연결 해제: 57vcDW***
✅ 사용자 연결: 5G6MvS*** (2025. 8. 5. 오후 12:44:25)
⏳ 대기열 추가: 피카*** (총 대기자: 1명)
❌ 사용자 연결 해제: 5G6MvS***
✅ 사용자 연결: DlyWhC*** (2025. 8. 5. 오후 12:55:10)
⏳ 대기열 추가: 민경*** (총 대기자: 1명)
✅ 사용자 연결: 9_m-Gf*** (2025. 8. 5. 오후 12:55:43)
💕 실제 사용자 매칭 성공: 조리*** ↔ 민경*** (룸: room_17543...)
✅ 사용자 연결: KD9LAK*** (2025. 8. 5. 오후 12:58:47)
⏳ 대기열 추가: *** (총 대기자: 1명)
❌ 사용자 연결 해제: KD9LAK***
❌ 사용자 연결 해제: 9_m-Gf***
✅ 사용자 연결: DMoV7u*** (2025. 8. 5. 오후 1:00:35)
💕 실제 사용자 매칭 성공: 민경*** ↔ 민경*** (룸: room_17543...)
⏳ 대기열 추가: 민경*** (총 대기자: 1명)
❌ 사용자 연결 해제: DlyWhC***
❌ 사용자 연결 해제: DMoV7u***
